La génération a démarré 23/04/2012 11:09:19.
     1>Projet "D:\visual studio 2010\OSG_TOUCH\OSG_TOUCH\OSG_TOUCH.vcxproj" sur le nœud 2 (build cible(s)).
     1>InitializeBuildStatus:
         Création de "Debug\OSG_TOUCH.unsuccessfulbuild", car "AlwaysCreate" a été spécifié.
       ClCompile:
         Toutes les sorties sont à jour.
         C:\Program Files (x86)\Microsoft Visual Studio 10.0\VC\bin\CL.exe /c /ZI /nologo /W3 /WX- /Od /Oy- /D WIN32 /D _DEBUG /D _WINDOWS /D _UNICODE /D UNICODE /Gm /EHsc /RTC1 /MDd /GS /fp:precise /Zc:wchar_t /Zc:forScope /Yu"StdAfx.h" /Fp"Debug\OSG_TOUCH.pch" /Fo"Debug\\" /Fd"Debug\vc100.pdb" /Gd /TP /analyze- /errorReport:prompt MapLayerView.cpp OGR.cpp OSG_TOUCH.cpp
         OSG_TOUCH.cpp
     1>d:\visual studio 2010\osg_touch\osg_touch\osg_touch.cpp(238): warning C4018: '<' : incompatibilité signed/unsigned
         OGR.cpp
         MapLayerView.cpp
         Génération de code en cours...
       ResourceCompile:
         Toutes les sorties sont à jour.
       ManifestResourceCompile:
         Toutes les sorties sont à jour.
       Link:
         C:\Program Files (x86)\Microsoft Visual Studio 10.0\VC\bin\link.exe /ERRORREPORT:PROMPT /OUT:"D:\visual studio 2010\OSG_TOUCH\Debug\OSG_TOUCH.exe" /INCREMENTAL /NOLOGO OpenThreadsd.lib osgd.lib osgDBd.lib osgUtild.lib osgGAd.lib osgViewerd.lib osgTextd.lib gdal_i.lib kernel32.lib user32.lib gdi32.lib winspool.lib comdlg32.lib advapi32.lib shell32.lib ole32.lib oleaut32.lib uuid.lib odbc32.lib odbccp32.lib /MANIFEST /ManifestFile:"Debug\OSG_TOUCH.exe.intermediate.manifest" /MANIFESTUAC:"level='asInvoker' uiAccess='false'" /DEBUG /PDB:"D:\visual studio 2010\OSG_TOUCH\Debug\OSG_TOUCH.pdb" /SUBSYSTEM:WINDOWS /TLBID:1 /DYNAMICBASE /NXCOMPAT /IMPLIB:"D:\visual studio 2010\OSG_TOUCH\Debug\OSG_TOUCH.lib" /MACHINE:X86 Debug\OSG_TOUCH.res
         Debug\OSG_TOUCH.exe.embed.manifest.res
         Debug\GestureManipulator.obj
         Debug\LinearRingView.obj
         Debug\LineStringView.obj
         Debug\MapLayer.obj
         Debug\MapLinearRing.obj
         Debug\MapLineString.obj
         Debug\MapManipulator.obj
         Debug\MapGeometry.obj
         Debug\MapMultiLineString.obj
         Debug\MapMultiPolygon.obj
         Debug\MapPoint.obj
         Debug\MapPolygon.obj
         Debug\MapLayerView.obj
         Debug\MultiLineStringView.obj
         Debug\MultiPolygonView.obj
         Debug\OGR.obj
         Debug\OSG_TOUCH.obj
         Debug\PointView.obj
         Debug\PolygonView.obj
         Debug\stdafx.obj
       Manifest:
         C:\Program Files (x86)\Microsoft SDKs\Windows\v7.0A\bin\mt.exe /nologo /verbose /out:"Debug\OSG_TOUCH.exe.embed.manifest" /manifest Debug\OSG_TOUCH.exe.intermediate.manifest
         Toutes les sorties sont à jour.
       LinkEmbedManifest:
         Toutes les sorties sont à jour.
         OSG_TOUCH.vcxproj -> D:\visual studio 2010\OSG_TOUCH\Debug\OSG_TOUCH.exe
       FinalizeBuildStatus:
         Suppression du fichier "Debug\OSG_TOUCH.unsuccessfulbuild".
         Mise à jour de l'horodatage "Debug\OSG_TOUCH.lastbuildstate".
     1>Génération du projet "D:\visual studio 2010\OSG_TOUCH\OSG_TOUCH\OSG_TOUCH.vcxproj" terminée (build cible(s)).

La génération a réussi.

Temps écoulé 00:00:18.03
